# JRE version: Java(TM) SE Runtime Environment (8.0_66-b17) (build 1.8.0_66-b17)
# Java VM: Java HotSpot(TM) 64-Bit Server VM (25.66-b17 mixed mode linux-amd64 compressed oops)
Heap:
 PSYoungGen      total 324096K, used 20583K [0x00000000eab00000, 0x00000000ffe00000, 0x0000000100000000)
  eden space 301056K, 6% used [0x00000000eab00000,0x00000000ebf19f20,0x00000000fd100000)
  from space 23040K, 0% used [0x00000000fe780000,0x00000000fe780000,0x00000000ffe00000)
  to   space 23040K, 0% used [0x00000000fd100000,0x00000000fd100000,0x00000000fe780000)
 ParOldGen       total 135680K, used 56514K [0x00000000c0000000, 0x00000000c8480000, 0x00000000eab00000)
  object space 135680K, 41% used [0x00000000c0000000,0x00000000c3730bc0,0x00000000c8480000)
 Metaspace       used 58974K, capacity 63404K, committed 63832K, reserved 1103872K
  class space    used 7807K, capacity 9211K, committed 9304K, reserved 1048576K
GC Heap History (10 events):
Event: 835.017 GC heap before
{Heap before GC invocations=27 (full 5):
 PSYoungGen      total 305152K, used 80745K [0x00000000eab00000, 0x0000000100000000, 0x0000000100000000)
  eden space 280064K, 24% used [0x00000000eab00000,0x00000000eeed3528,0x00000000fbc80000)
  from space 25088K, 45% used [0x00000000fbc80000,0x00000000fc787068,0x00000000fd500000)
  to   space 24064K, 0% used [0x00000000fe880000,0x00000000fe880000,0x0000000100000000)
 ParOldGen       total 135680K, used 44605K [0x00000000c0000000, 0x00000000c8480000, 0x00000000eab00000)
  object space 135680K, 32% used [0x00000000c0000000,0x00000000c2b8f628,0x00000000c8480000)
 Metaspace       used 57969K, capacity 61778K, committed 61912K, reserved 1101824K
  class space    used 7704K, capacity 8919K, committed 8920K, reserved 1048576K
Event: 835.037 GC heap after
Heap after GC invocations=27 (full 5):
 PSYoungGen      total 325120K, used 13280K [0x00000000eab00000, 0x0000000100000000, 0x0000000100000000)
  eden space 301056K, 0% used [0x00000000eab00000,0x00000000eab00000,0x00000000fd100000)
  from space 24064K, 55% used [0x00000000fe880000,0x00000000ff578368,0x0000000100000000)
  to   space 24064K, 0% used [0x00000000fd100000,0x00000000fd100000,0x00000000fe880000)
 ParOldGen       total 135680K, used 44613K [0x00000000c0000000, 0x00000000c8480000, 0x00000000eab00000)
  object space 135680K, 32% used [0x00000000c0000000,0x00000000c2b91628,0x00000000c8480000)
 Metaspace       used 57969K, capacity 61778K, committed 61912K, reserved 1101824K
  class space    used 7704K, capacity 8919K, committed 8920K, reserved 1048576K
}
Event: 835.037 GC heap before
{Heap before GC invocations=28 (full 6):
 PSYoungGen      total 325120K, used 13280K [0x00000000eab00000, 0x0000000100000000, 0x0000000100000000)
  eden space 301056K, 0% used [0x00000000eab00000,0x00000000eab00000,0x00000000fd100000)
  from space 24064K, 55% used [0x00000000fe880000,0x00000000ff578368,0x0000000100000000)
  to   space 24064K, 0% used [0x00000000fd100000,0x00000000fd100000,0x00000000fe880000)
 ParOldGen       total 135680K, used 44613K [0x00000000c0000000, 0x00000000c8480000, 0x00000000eab00000)
  object space 135680K, 32% used [0x00000000c0000000,0x00000000c2b91628,0x00000000c8480000)
 Metaspace       used 57969K, capacity 61778K, committed 61912K, reserved 1101824K
  class space    used 7704K, capacity 8919K, committed 8920K, reserved 1048576K
Event: 835.353 GC heap after
Heap after GC invocations=28 (full 6):
 PSYoungGen      total 325120K, used 0K [0x00000000eab00000, 0x0000000100000000, 0x0000000100000000)
  eden space 301056K, 0% used [0x00000000eab00000,0x00000000eab00000,0x00000000fd100000)
  from space 24064K, 0% used [0x00000000fe880000,0x00000000fe880000,0x0000000100000000)
  to   space 24064K, 0% used [0x00000000fd100000,0x00000000fd100000,0x00000000fe880000)
 ParOldGen       total 135680K, used 56706K [0x00000000c0000000, 0x00000000c8480000, 0x00000000eab00000)
  object space 135680K, 41% used [0x00000000c0000000,0x00000000c3760850,0x00000000c8480000)
 Metaspace       used 57969K, capacity 61778K, committed 61912K, reserved 1101824K
  class space    used 7704K, capacity 8919K, committed 8920K, reserved 1048576K
}
Event: 1066.722 GC heap before
{Heap before GC invocations=29 (full 6):
 PSYoungGen      total 325120K, used 301056K [0x00000000eab00000, 0x0000000100000000, 0x0000000100000000)
  eden space 301056K, 100% used [0x00000000eab00000,0x00000000fd100000,0x00000000fd100000)
  from space 24064K, 0% used [0x00000000fe880000,0x00000000fe880000,0x0000000100000000)
  to   space 24064K, 0% used [0x00000000fd100000,0x00000000fd100000,0x00000000fe880000)
 ParOldGen       total 135680K, used 56706K [0x00000000c0000000, 0x00000000c8480000, 0x00000000eab00000)
  object space 135680K, 41% used [0x00000000c0000000,0x00000000c3760850,0x00000000c8480000)
 Metaspace       used 58985K, capacity 63490K, committed 63832K, reserved 1103872K
  class space    used 7813K, capacity 9217K, committed 9304K, reserved 1048576K
Event: 1066.964 GC heap after
Heap after GC invocations=29 (full 6):
 PSYoungGen      total 307200K, used 6045K [0x00000000eab00000, 0x00000000ffe00000, 0x0000000100000000)
  eden space 301056K, 0% used [0x00000000eab00000,0x00000000eab00000,0x00000000fd100000)
  from space 6144K, 98% used [0x00000000fd100000,0x00000000fd6e7488,0x00000000fd700000)
  to   space 23040K, 0% used [0x00000000fe780000,0x00000000fe780000,0x00000000ffe00000)
 ParOldGen       total 135680K, used 56714K [0x00000000c0000000, 0x00000000c8480000, 0x00000000eab00000)
  object space 135680K, 41% used [0x00000000c0000000,0x00000000c3762850,0x00000000c8480000)
 Metaspace       used 58985K, capacity 63490K, committed 63832K, reserved 1103872K
  class space    used 7813K, capacity 9217K, committed 9304K, reserved 1048576K
}
Event: 1066.970 GC heap before
{Heap before GC invocations=30 (full 6):
 PSYoungGen      total 307200K, used 9951K [0x00000000eab00000, 0x00000000ffe00000, 0x0000000100000000)
  eden space 301056K, 1% used [0x00000000eab00000,0x00000000eaed0b00,0x00000000fd100000)
  from space 6144K, 98% used [0x00000000fd100000,0x00000000fd6e7488,0x00000000fd700000)
  to   space 23040K, 0% used [0x00000000fe780000,0x00000000fe780000,0x00000000ffe00000)
 ParOldGen       total 135680K, used 56714K [0x00000000c0000000, 0x00000000c8480000, 0x00000000eab00000)
  object space 135680K, 41% used [0x00000000c0000000,0x00000000c3762850,0x00000000c8480000)
 Metaspace       used 58998K, capacity 63496K, committed 63832K, reserved 1103872K
  class space    used 7814K, capacity 9218K, committed 9304K, reserved 1048576K
Event: 1066.975 GC heap after
Heap after GC invocations=30 (full 6):
 PSYoungGen      total 324096K, used 4703K [0x00000000eab00000, 0x00000000ffe00000, 0x0000000100000000)
  eden space 301056K, 0% used [0x00000000eab00000,0x00000000eab00000,0x00000000fd100000)
  from space 23040K, 20% used [0x00000000fe780000,0x00000000fec17ff8,0x00000000ffe00000)
  to   space 23040K, 0% used [0x00000000fd100000,0x00000000fd100000,0x00000000fe780000)
 ParOldGen       total 135680K, used 56714K [0x00000000c0000000, 0x00000000c8480000, 0x00000000eab00000)
  object space 135680K, 41% used [0x00000000c0000000,0x00000000c3762850,0x00000000c8480000)
 Metaspace       used 58998K, capacity 63496K, committed 63832K, reserved 1103872K
  class space    used 7814K, capacity 9218K, committed 9304K, reserved 1048576K
}
Event: 1066.975 GC heap before
{Heap before GC invocations=31 (full 7):
 PSYoungGen      total 324096K, used 4703K [0x00000000eab00000, 0x00000000ffe00000, 0x0000000100000000)
  eden space 301056K, 0% used [0x00000000eab00000,0x00000000eab00000,0x00000000fd100000)
  from space 23040K, 20% used [0x00000000fe780000,0x00000000fec17ff8,0x00000000ffe00000)
  to   space 23040K, 0% used [0x00000000fd100000,0x00000000fd100000,0x00000000fe780000)
 ParOldGen       total 135680K, used 56714K [0x00000000c0000000, 0x00000000c8480000, 0x00000000eab00000)
  object space 135680K, 41% used [0x00000000c0000000,0x00000000c3762850,0x00000000c8480000)
 Metaspace       used 58998K, capacity 63496K, committed 63832K, reserved 1103872K
  class space    used 7814K, capacity 9218K, committed 9304K, reserved 1048576K
Event: 1067.249 GC heap after
Heap after GC invocations=31 (full 7):
 PSYoungGen      total 324096K, used 0K [0x00000000eab00000, 0x00000000ffe00000, 0x0000000100000000)
  eden space 301056K, 0% used [0x00000000eab00000,0x00000000eab00000,0x00000000fd100000)
  from space 23040K, 0% used [0x00000000fe780000,0x00000000fe780000,0x00000000ffe00000)
  to   space 23040K, 0% used [0x00000000fd100000,0x00000000fd100000,0x00000000fe780000)
 ParOldGen       total 135680K, used 56514K [0x00000000c0000000, 0x00000000c8480000, 0x00000000eab00000)
  object space 135680K, 41% used [0x00000000c0000000,0x00000000c3730bc0,0x00000000c8480000)
 Metaspace       used 58923K, capacity 63258K, committed 63832K, reserved 1103872K
  class space    used 7798K, capacity 9145K, committed 9304K, reserved 1048576K
}

